Arguments: 
  C:\Program Files\nodejs\node.exe C:\Users\Charls\AppData\Roaming\npm\node_modules\yarn\bin\yarn.js start

PATH: 
  C:\Python27\;C:\Python27\Scripts;C:\WINDOWS\system32;C:\WINDOWS;C:\WINDOWS\System32\Wbem;C:\WINDOWS\System32\WindowsPowerShell\v1.0\;C:\WINDOWS\System32\OpenSSH\;C:\Program Files\Git\cmd;C:\HashiCorp\Vagrant\bin;C:\Program Files\nodejs\;C:\ProgramData\chocolatey\bin;C:\wamp64\bin\php\php7.0.10;C:\ProgramData\ComposerSetup\bin;C:\Users\Charls\AppData\Local\Microsoft\WindowsApps;C:\Users\Charls\AppData\Local\Programs\Microsoft VS Code\bin;C:\Users\Charls\AppData\Roaming\npm;C:\Users\Charls\AppData\Roaming\Composer\vendor\bin;C:\Program Files\Oracle\VirtualBox;

Yarn version: 
  1.21.1

Node version: 
  12.13.0

Platform: 
  win32 x64

Trace: 
  SyntaxError: C:\proyectos_dds\pulpox-ads\package.json: Unexpected token / in JSON at position 790
      at JSON.parse (<anonymous>)
      at C:\Users\Charls\AppData\Roaming\npm\node_modules\yarn\lib\cli.js:1625:59
      at Generator.next (<anonymous>)
      at step (C:\Users\Charls\AppData\Roaming\npm\node_modules\yarn\lib\cli.js:310:30)
      at C:\Users\Charls\AppData\Roaming\npm\node_modules\yarn\lib\cli.js:321:13

npm manifest: 
  {
    "name": "pulpox-ads",
    "version": "1.0.0",
    "description": "Pulpox Ads: Portal de anuncios clasificados",
    "main": "index.js",
    "scripts": {
      "test": "echo \"Error: no test specified\" && exit 1",
      "start": "webpack-dev-server --open --mode development"
    },
    "repository": {
      "type": "git",
      "url": "git+https://github.com/charlsdzul/pulpox-ads.git"
    },
    "keywords": [
      "ads",
      "pulpox"
    ],
    "author": "Charls Dzul",
    "license": "ISC",
    "bugs": {
      "url": "https://github.com/charlsdzul/pulpox-ads/issues"
    },
    "homepage": "https://github.com/charlsdzul/pulpox-ads#readme",
    "devDependencies": {
      "@babel/core": "^7.9.0",
      "@babel/preset-env": "^7.9.0",
      "babel-cli": "^6.26.0",
      "babel-core": "^6.26.3",
      "babel-loader": "^8.1.0",
      //"babel-preset-env": "^1.7.0",
      "babel-preset-env": "^1.6.1",
      "babel-preset-react": "^6.24.1",
      "css-loader": "^3.4.2",
      "gulp-babel": "^8.0.0",
      "webpack": "^4.42.0",
      "webpack-cli": "^3.3.11",
      "webpack-dev-server": "^3.10.3"
    },
    "dependencies": {
      "reac": "0.0.0",
      "react-dom": "^16.13.1"
    }
  }

yarn manifest: 
  No manifest

Lockfile: 
  No lockfile
